[2020-02-13T14:19:51.338] [DEBUG] cheese - login => username:zs,password:123456
[2020-02-13T14:19:51.344] [DEBUG] cheese - zs
[2020-02-13T14:19:51.479] [DEBUG] cheese - { inspect: [Function: inspect] }
[2020-02-13T14:19:51.494] [DEBUG] cheese - 查询失败
[2020-02-13T14:20:27.064] [DEBUG] cheese - login => username:admin,password:123456
[2020-02-13T14:20:27.065] [DEBUG] cheese - admin
[2020-02-13T14:20:27.068] [DEBUG] cheese - { inspect: [Function: inspect] }
[2020-02-13T14:20:27.068] [DEBUG] cheese - 查询失败
[2020-02-13T14:20:47.326] [DEBUG] cheese - login => username:admin,password:123456
[2020-02-13T14:20:47.326] [DEBUG] cheese - admin
[2020-02-13T14:20:47.331] [DEBUG] cheese - { inspect: [Function: inspect] }
[2020-02-13T14:20:47.331] [DEBUG] cheese - 查询失败
[2020-02-14T12:18:38.952] [DEBUG] cheese - login => username:zs1,password:123456456
[2020-02-14T12:18:38.970] [DEBUG] cheese - zs1
[2020-02-14T12:18:39.065] [DEBUG] cheese - { inspect: [Function: inspect] }
[2020-02-14T12:18:39.071] [DEBUG] cheese - 查询失败
[2020-02-14T15:23:19.011] [DEBUG] cheese - login => username:zsa,password:123aaaaaa
[2020-02-14T15:23:19.012] [DEBUG] cheese - zsa
[2020-02-14T15:23:19.020] [DEBUG] cheese - { inspect: [Function: inspect] }
[2020-02-14T15:23:19.021] [DEBUG] cheese - 查询失败
[2020-02-14T15:24:38.288] [DEBUG] cheese - login => username:zsa,password:123aaaaaa
[2020-02-14T15:24:38.289] [DEBUG] cheese - zsa
[2020-02-14T15:24:38.299] [DEBUG] cheese - { inspect: [Function: inspect] }
[2020-02-14T15:24:38.299] [DEBUG] cheese - 查询失败
[2020-02-14T15:26:53.516] [DEBUG] cheese - login => username:zsa,password:123aaaa
[2020-02-14T15:26:53.517] [DEBUG] cheese - zsa
[2020-02-14T15:26:53.524] [DEBUG] cheese - { inspect: [Function: inspect] }
[2020-02-14T15:26:53.524] [DEBUG] cheese - 查询失败
[2020-02-14T15:27:12.581] [DEBUG] cheese - login => username:zsa,password:123aaaaaaa
[2020-02-14T15:27:12.581] [DEBUG] cheese - zsa
[2020-02-14T15:27:12.592] [DEBUG] cheese - { inspect: [Function: inspect] }
[2020-02-14T15:27:12.593] [DEBUG] cheese - 查询失败
[2020-02-14T15:27:28.420] [DEBUG] cheese - login => username:admin,password:1123456
[2020-02-14T15:27:28.421] [DEBUG] cheese - admin
[2020-02-14T15:27:28.425] [DEBUG] cheese - { inspect: [Function: inspect] }
[2020-02-14T15:27:28.426] [DEBUG] cheese - 查询失败
[2020-02-14T15:29:44.420] [DEBUG] cheese - login => username:admin,password:123456
[2020-02-14T15:29:44.420] [DEBUG] cheese - admin
[2020-02-14T15:29:44.423] [DEBUG] cheese - { inspect: [Function: inspect] }
[2020-02-14T15:29:44.424] [DEBUG] cheese - 查询失败
[2020-02-14T15:34:22.935] [DEBUG] cheese - login => username:zsaa,password:123aaaaaaaaa
[2020-02-14T15:34:22.935] [DEBUG] cheese - zsaa
[2020-02-14T15:34:22.946] [DEBUG] cheese - { inspect: [Function: inspect] }
[2020-02-14T15:34:22.947] [DEBUG] cheese - 查询失败
[2020-02-14T15:34:40.563] [DEBUG] cheese - login => username:zsaa,password:123aaaaaaaaa
[2020-02-14T15:34:40.563] [DEBUG] cheese - zsaa
[2020-02-14T15:34:40.573] [DEBUG] cheese - { inspect: [Function: inspect] }
[2020-02-14T15:34:40.573] [DEBUG] cheese - 查询失败
[2020-02-14T15:34:45.795] [DEBUG] cheese - login => username:zsaaaaaaaa,password:123aaaaaaaaaaaa
[2020-02-14T15:34:45.796] [DEBUG] cheese - zsaaaaaaaa
[2020-02-14T15:34:45.804] [DEBUG] cheese - { inspect: [Function: inspect] }
[2020-02-14T15:34:45.806] [DEBUG] cheese - 查询失败
[2020-02-14T15:41:31.754] [DEBUG] cheese - login => username:admin,password:123456
[2020-02-14T15:41:31.754] [DEBUG] cheese - admin
[2020-02-14T15:41:31.763] [DEBUG] cheese - { inspect: [Function: inspect] }
[2020-02-14T15:41:31.763] [DEBUG] cheese - 查询失败
[2020-02-14T15:42:09.371] [DEBUG] cheese - login => username:asdf1,password:123123
[2020-02-14T15:42:09.371] [DEBUG] cheese - asdf1
[2020-02-14T15:42:09.378] [DEBUG] cheese - { inspect: [Function: inspect] }
[2020-02-14T15:42:09.378] [DEBUG] cheese - 查询失败
[2020-02-14T16:05:56.405] [DEBUG] cheese - login => username:admin,password:123456
[2020-02-14T16:05:56.405] [DEBUG] cheese - admin
[2020-02-14T16:05:56.415] [DEBUG] cheese - { inspect: [Function: inspect] }
[2020-02-14T16:05:56.415] [DEBUG] cheese - 查询失败
[2020-02-15T10:13:24.719] [DEBUG] cheese - login => username:zsa,password:123aaaaaaaaaaaa
[2020-02-15T10:13:24.728] [DEBUG] cheese - zsa
[2020-02-15T10:13:24.947] [DEBUG] cheese - { inspect: [Function: inspect] }
[2020-02-15T10:13:24.956] [DEBUG] cheese - 查询失败
[2020-02-15T10:13:40.727] [DEBUG] cheese - login => username:admin,password:123456
[2020-02-15T10:13:40.727] [DEBUG] cheese - admin
[2020-02-15T10:13:40.742] [DEBUG] cheese - { inspect: [Function: inspect] }
[2020-02-15T10:13:40.745] [DEBUG] cheese - 查询失败
[2020-02-15T12:24:14.100] [DEBUG] cheese - login => username:admin,password:123456
[2020-02-15T12:24:14.101] [DEBUG] cheese - admin
[2020-02-15T12:24:14.175] [DEBUG] cheese - { inspect: [Function: inspect] }
[2020-02-15T12:24:14.176] [DEBUG] cheese - 查询失败
[2020-02-15T12:25:46.843] [DEBUG] cheese - login => username:admin,password:123456
[2020-02-15T12:25:46.843] [DEBUG] cheese - admin
[2020-02-15T12:25:46.869] [DEBUG] cheese - { inspect: [Function: inspect] }
[2020-02-15T12:25:46.870] [DEBUG] cheese - 查询失败
[2020-02-15T12:57:28.840] [DEBUG] cheese - login => username:admin,password:123456
[2020-02-15T12:57:28.841] [DEBUG] cheese - admin
[2020-02-15T12:57:28.880] [DEBUG] cheese - { inspect: [Function: inspect] }
[2020-02-15T12:57:28.881] [DEBUG] cheese - 查询失败
[2020-02-15T12:57:38.087] [DEBUG] cheese - login => username:admin,password:123456
[2020-02-15T12:57:38.087] [DEBUG] cheese - admin
[2020-02-15T12:57:38.182] [DEBUG] cheese - { inspect: [Function: inspect] }
[2020-02-15T12:57:38.187] [DEBUG] cheese - 查询失败
[2020-02-15T12:57:42.833] [DEBUG] cheese - login => username:admin,password:123456
[2020-02-15T12:57:42.834] [DEBUG] cheese - admin
[2020-02-15T12:57:42.839] [DEBUG] cheese - { inspect: [Function: inspect] }
[2020-02-15T12:57:42.839] [DEBUG] cheese - 查询失败
[2020-02-15T13:09:11.733] [DEBUG] cheese - login => username:admin,password:123456
[2020-02-15T13:09:11.734] [DEBUG] cheese - admin
[2020-02-15T13:09:11.810] [DEBUG] cheese - null
[2020-02-15T13:09:11.823] [DEBUG] cheese - null
[2020-02-15T14:57:20.435] [DEBUG] cheese - login => username:admin,password:123456
[2020-02-15T14:57:20.436] [DEBUG] cheese - admin
[2020-02-15T14:57:20.442] [DEBUG] cheese - null
[2020-02-15T14:57:20.442] [DEBUG] cheese - null
[2020-02-15T15:01:36.346] [DEBUG] cheese - login => username:admin,password:123456
[2020-02-15T15:01:36.346] [DEBUG] cheese - admin
[2020-02-15T15:01:36.349] [DEBUG] cheese - null
[2020-02-15T15:01:36.350] [DEBUG] cheese - null
[2020-02-15T15:44:54.550] [DEBUG] cheese - login => username:admin,password:123456
[2020-02-15T15:44:54.551] [DEBUG] cheese - admin
[2020-02-15T15:44:54.559] [DEBUG] cheese - null
[2020-02-15T15:44:54.560] [DEBUG] cheese - null
[2020-02-15T15:47:14.358] [DEBUG] cheese - login => username:admin,password:123456
[2020-02-15T15:47:14.359] [DEBUG] cheese - admin
[2020-02-15T15:47:14.362] [DEBUG] cheese - null
[2020-02-15T15:47:14.362] [DEBUG] cheese - null
[2020-02-15T15:54:57.612] [DEBUG] cheese - login => username:admin,password:123456
[2020-02-15T15:54:57.612] [DEBUG] cheese - admin
[2020-02-15T15:54:57.614] [DEBUG] cheese - null
[2020-02-15T15:54:57.614] [DEBUG] cheese - null
[2020-02-15T18:02:32.543] [DEBUG] cheese - login => username:admin,password:123456
[2020-02-15T18:02:32.544] [DEBUG] cheese - admin
[2020-02-15T18:02:32.570] [DEBUG] cheese - null
[2020-02-15T18:02:32.570] [DEBUG] cheese - null
[2020-02-16T10:15:12.253] [DEBUG] cheese - login => username:admin,password:123456
[2020-02-16T10:15:12.270] [DEBUG] cheese - admin
[2020-02-16T10:15:12.479] [DEBUG] cheese - null
[2020-02-16T10:15:12.494] [DEBUG] cheese - null
[2020-02-16T10:36:30.720] [DEBUG] cheese - login => username:admin1,password:123456
[2020-02-16T10:36:30.720] [DEBUG] cheese - admin1
[2020-02-16T10:36:30.726] [DEBUG] cheese - null
[2020-02-16T10:36:30.726] [DEBUG] cheese - null
[2020-02-16T10:36:39.298] [DEBUG] cheese - login => username:admin2,password:123456
[2020-02-16T10:36:39.298] [DEBUG] cheese - admin2
[2020-02-16T10:36:39.302] [DEBUG] cheese - null
[2020-02-16T10:36:39.302] [DEBUG] cheese - null
[2020-02-16T10:37:09.881] [DEBUG] cheese - login => username:admin,password:123456
[2020-02-16T10:37:09.881] [DEBUG] cheese - admin
[2020-02-16T10:37:09.884] [DEBUG] cheese - null
[2020-02-16T10:37:09.885] [DEBUG] cheese - null
[2020-02-16T10:37:59.325] [DEBUG] cheese - login => username:admin3,password:123456
[2020-02-16T10:37:59.325] [DEBUG] cheese - admin3
[2020-02-16T10:37:59.330] [DEBUG] cheese - null
[2020-02-16T10:37:59.331] [DEBUG] cheese - null
[2020-02-16T10:38:04.367] [DEBUG] cheese - login => username:admin,password:123456
[2020-02-16T10:38:04.368] [DEBUG] cheese - admin
[2020-02-16T10:38:04.373] [DEBUG] cheese - null
[2020-02-16T10:38:04.373] [DEBUG] cheese - null
[2020-02-16T11:33:44.495] [DEBUG] cheese - login => username:admin,password:123456
[2020-02-16T11:33:44.496] [DEBUG] cheese - admin
[2020-02-16T11:33:44.501] [DEBUG] cheese - null
[2020-02-16T11:33:44.501] [DEBUG] cheese - null
[2020-02-18T08:51:51.781] [DEBUG] cheese - login => username:admin,password:123456
[2020-02-18T08:51:51.802] [DEBUG] cheese - admin
[2020-02-18T08:51:52.020] [DEBUG] cheese - null
[2020-02-18T08:51:52.026] [DEBUG] cheese - null
[2020-02-18T09:54:30.822] [DEBUG] cheese - login => username:admin,password:123456
[2020-02-18T09:54:30.853] [DEBUG] cheese - admin
[2020-02-18T09:54:30.860] [DEBUG] cheese - null
[2020-02-18T09:54:30.860] [DEBUG] cheese - null
[2020-02-18T11:11:43.509] [DEBUG] cheese - null
[2020-02-18T11:11:52.656] [DEBUG] cheese - null
[2020-02-18T11:14:08.585] [DEBUG] cheese - null
[2020-02-18T11:14:18.667] [DEBUG] cheese - null
[2020-02-18T11:14:28.832] [DEBUG] cheese - null
[2020-02-18T11:25:20.922] [DEBUG] cheese - null
[2020-02-18T11:25:27.292] [DEBUG] cheese - null
[2020-02-18T11:26:21.257] [DEBUG] cheese - null
[2020-02-18T12:11:55.610] [DEBUG] cheese - login => username:admin,password:123456
[2020-02-18T12:11:55.611] [DEBUG] cheese - admin
[2020-02-18T12:11:55.614] [DEBUG] cheese - null
[2020-02-18T12:11:55.614] [DEBUG] cheese - null
[2020-02-19T13:20:30.379] [DEBUG] cheese - login => username:admin,password:123456
[2020-02-19T13:20:30.383] [DEBUG] cheese - admin
[2020-02-19T13:20:30.706] [DEBUG] cheese - null
[2020-02-19T13:20:30.715] [DEBUG] cheese - null
[2020-02-20T14:32:38.954] [DEBUG] cheese - login => username:admin,password:123456
[2020-02-20T14:32:38.989] [DEBUG] cheese - admin
[2020-02-20T14:32:38.995] [DEBUG] cheese - null
[2020-02-20T14:32:38.996] [DEBUG] cheese - null
[2020-02-21T08:56:15.395] [DEBUG] cheese - login => username:admin,password:123456
[2020-02-21T08:56:15.407] [DEBUG] cheese - admin
[2020-02-21T08:56:15.517] [DEBUG] cheese - null
[2020-02-21T08:56:15.535] [DEBUG] cheese - null
[2020-02-21T10:27:22.037] [DEBUG] cheese - null
[2020-02-21T10:31:10.105] [DEBUG] cheese - login => username:admin,password:123456
[2020-02-21T10:31:10.107] [DEBUG] cheese - admin
[2020-02-21T10:31:10.120] [DEBUG] cheese - null
[2020-02-21T10:31:10.121] [DEBUG] cheese - null
[2020-02-21T10:33:37.717] [DEBUG] cheese - null
[2020-02-21T10:34:07.606] [DEBUG] cheese - null
[2020-02-21T10:35:35.938] [DEBUG] cheese - null
[2020-02-21T10:36:39.673] [DEBUG] cheese - null
[2020-02-21T10:37:23.027] [DEBUG] cheese - null
[2020-02-21T10:42:58.779] [DEBUG] cheese - null
[2020-02-21T10:47:40.980] [DEBUG] cheese - null
[2020-02-21T10:52:45.028] [DEBUG] cheese - null
[2020-02-21T10:52:55.184] [DEBUG] cheese - null
[2020-02-21T10:53:11.278] [DEBUG] cheese - null
[2020-02-21T10:55:33.745] [DEBUG] cheese - null
[2020-02-21T11:00:09.870] [DEBUG] cheese - null
[2020-02-21T14:46:04.369] [DEBUG] cheese - null
[2020-02-21T15:07:10.219] [DEBUG] cheese - null
[2020-02-21T15:07:43.044] [DEBUG] cheese - null
[2020-02-21T15:07:49.728] [DEBUG] cheese - null
[2020-02-21T15:09:17.258] [DEBUG] cheese - null
[2020-02-21T15:09:49.054] [DEBUG] cheese - null
[2020-02-21T15:10:57.191] [DEBUG] cheese - null
[2020-02-22T09:39:30.099] [DEBUG] cheese - login => username:admin,password:123456
[2020-02-22T09:39:30.122] [DEBUG] cheese - admin
[2020-02-22T09:39:30.338] [DEBUG] cheese - null
[2020-02-22T09:39:30.346] [DEBUG] cheese - null
[2020-02-22T10:34:57.262] [DEBUG] cheese - login => username:admin,password:123456
[2020-02-22T10:34:57.263] [DEBUG] cheese - admin
[2020-02-22T10:34:57.294] [DEBUG] cheese - null
[2020-02-22T10:34:57.294] [DEBUG] cheese - null
[2020-02-22T10:43:58.996] [DEBUG] cheese - null
[2020-02-22T10:59:26.120] [DEBUG] cheese - login => username:admin,password:123456
[2020-02-22T10:59:26.125] [DEBUG] cheese - admin
[2020-02-22T10:59:26.139] [DEBUG] cheese - null
[2020-02-22T10:59:26.140] [DEBUG] cheese - null
[2020-02-22T11:05:22.874] [DEBUG] cheese - login => username:admin,password:123456
[2020-02-22T11:05:22.875] [DEBUG] cheese - admin
[2020-02-22T11:05:22.878] [DEBUG] cheese - null
[2020-02-22T11:05:22.878] [DEBUG] cheese - null
[2020-02-22T11:23:39.220] [DEBUG] cheese - login => username:admin,password:123456
[2020-02-22T11:23:39.221] [DEBUG] cheese - admin
[2020-02-22T11:23:39.224] [DEBUG] cheese - null
[2020-02-22T11:23:39.224] [DEBUG] cheese - null
[2020-02-22T11:50:31.388] [DEBUG] cheese - login => username:admin,password:123456
[2020-02-22T11:50:31.389] [DEBUG] cheese - admin
[2020-02-22T11:50:31.393] [DEBUG] cheese - null
[2020-02-22T11:50:31.394] [DEBUG] cheese - null
[2020-02-22T11:52:29.374] [DEBUG] cheese - login => username:admin,password:123456
[2020-02-22T11:52:29.376] [DEBUG] cheese - admin
[2020-02-22T11:52:29.427] [DEBUG] cheese - null
[2020-02-22T11:52:29.427] [DEBUG] cheese - null
[2020-02-22T12:10:35.250] [DEBUG] cheese - login => username:admin,password:123456
[2020-02-22T12:10:35.251] [DEBUG] cheese - admin
[2020-02-22T12:10:35.260] [DEBUG] cheese - null
[2020-02-22T12:10:35.260] [DEBUG] cheese - null
[2020-02-23T14:21:14.452] [DEBUG] cheese - login => username:admin,password:123456
[2020-02-23T14:21:14.454] [DEBUG] cheese - admin
[2020-02-23T14:21:15.184] [DEBUG] cheese - null
[2020-02-23T14:21:15.185] [DEBUG] cheese - null
[2020-02-23T15:17:10.669] [DEBUG] cheese - login => username:admin,password:123456
[2020-02-23T15:17:10.673] [DEBUG] cheese - admin
[2020-02-23T15:17:10.684] [DEBUG] cheese - null
[2020-02-23T15:17:10.685] [DEBUG] cheese - null
[2020-02-24T10:12:45.888] [DEBUG] cheese - login => username:admin,password:123456
[2020-02-24T10:12:45.889] [DEBUG] cheese - admin
[2020-02-24T10:12:45.990] [DEBUG] cheese - null
[2020-02-24T10:12:45.990] [DEBUG] cheese - null
[2020-02-24T10:43:15.980] [DEBUG] cheese - login => username:admin,password:123456
[2020-02-24T10:43:15.980] [DEBUG] cheese - admin
[2020-02-24T10:43:15.985] [DEBUG] cheese - null
[2020-02-24T10:43:15.986] [DEBUG] cheese - null
[2020-02-25T12:04:05.402] [DEBUG] cheese - login => username:admin,password:123456
[2020-02-25T12:04:05.404] [DEBUG] cheese - admin
[2020-02-25T12:04:05.445] [DEBUG] cheese - null
[2020-02-25T12:04:05.446] [DEBUG] cheese - null
[2020-02-25T12:29:41.332] [DEBUG] cheese - login => username:admin,password:123456
[2020-02-25T12:29:41.333] [DEBUG] cheese - admin
[2020-02-25T12:29:41.337] [DEBUG] cheese - null
[2020-02-25T12:29:41.337] [DEBUG] cheese - null
[2020-02-25T17:50:26.509] [DEBUG] cheese - login => username:admin,password:123456
[2020-02-25T17:50:26.509] [DEBUG] cheese - admin
[2020-02-25T17:50:26.514] [DEBUG] cheese - null
[2020-02-25T17:50:26.514] [DEBUG] cheese - null
[2020-02-25T17:51:20.295] [DEBUG] cheese - login => username:admin,password:123456
[2020-02-25T17:51:20.296] [DEBUG] cheese - admin
[2020-02-25T17:51:20.299] [DEBUG] cheese - null
[2020-02-25T17:51:20.299] [DEBUG] cheese - null
[2020-02-25T17:57:23.051] [DEBUG] cheese - login => username:a,password:a
[2020-02-25T17:57:23.051] [DEBUG] cheese - a
[2020-02-25T17:57:23.055] [DEBUG] cheese - null
[2020-02-25T17:57:23.055] [DEBUG] cheese - null
[2020-02-25T17:57:36.015] [DEBUG] cheese - login => username:ad,password:a
[2020-02-25T17:57:36.015] [DEBUG] cheese - ad
[2020-02-25T17:57:36.018] [DEBUG] cheese - null
[2020-02-25T17:57:36.018] [DEBUG] cheese - null
[2020-02-25T17:57:49.687] [DEBUG] cheese - login => username:admin,password:1
[2020-02-25T17:57:49.688] [DEBUG] cheese - admin
[2020-02-25T17:57:49.691] [DEBUG] cheese - null
[2020-02-25T17:57:49.691] [DEBUG] cheese - null
[2020-02-25T17:57:57.781] [DEBUG] cheese - login => username:admin,password:12345
[2020-02-25T17:57:57.781] [DEBUG] cheese - admin
[2020-02-25T17:57:57.784] [DEBUG] cheese - null
[2020-02-25T17:57:57.785] [DEBUG] cheese - null
[2020-02-25T17:58:03.003] [DEBUG] cheese - login => username:admin,password:123456
[2020-02-25T17:58:03.004] [DEBUG] cheese - admin
[2020-02-25T17:58:03.006] [DEBUG] cheese - null
[2020-02-25T17:58:03.006] [DEBUG] cheese - null
[2020-02-25T17:59:30.923] [DEBUG] cheese - login => username:a,password:a
[2020-02-25T17:59:30.923] [DEBUG] cheese - a
[2020-02-25T17:59:30.926] [DEBUG] cheese - null
[2020-02-25T17:59:30.926] [DEBUG] cheese - null
[2020-02-25T17:59:39.628] [DEBUG] cheese - login => username:1,password:1
[2020-02-25T17:59:39.628] [DEBUG] cheese - 1
[2020-02-25T17:59:39.632] [DEBUG] cheese - null
[2020-02-25T17:59:39.632] [DEBUG] cheese - null
[2020-02-25T18:03:40.225] [DEBUG] cheese - login => username:a,password:a
[2020-02-25T18:03:40.226] [DEBUG] cheese - a
[2020-02-25T18:03:40.229] [DEBUG] cheese - null
[2020-02-25T18:03:40.229] [DEBUG] cheese - null
[2020-02-25T18:04:45.199] [DEBUG] cheese - login => username:a,password:a
[2020-02-25T18:04:45.199] [DEBUG] cheese - a
[2020-02-25T18:04:45.202] [DEBUG] cheese - null
[2020-02-25T18:04:45.202] [DEBUG] cheese - null
[2020-02-25T18:04:52.665] [DEBUG] cheese - login => username:admin,password:123456
[2020-02-25T18:04:52.665] [DEBUG] cheese - admin
[2020-02-25T18:04:52.668] [DEBUG] cheese - null
[2020-02-25T18:04:52.669] [DEBUG] cheese - null
[2020-02-25T18:09:23.443] [DEBUG] cheese - login => username:a11,password:1
[2020-02-25T18:09:23.443] [DEBUG] cheese - a11
[2020-02-25T18:09:23.448] [DEBUG] cheese - null
[2020-02-25T18:09:23.448] [DEBUG] cheese - null
[2020-02-25T18:09:34.783] [DEBUG] cheese - login => username:admin,password:1
[2020-02-25T18:09:34.783] [DEBUG] cheese - admin
[2020-02-25T18:09:34.785] [DEBUG] cheese - null
[2020-02-25T18:09:34.786] [DEBUG] cheese - null
[2020-02-25T18:09:42.459] [DEBUG] cheese - login => username:admin,password:123456
[2020-02-25T18:09:42.459] [DEBUG] cheese - admin
[2020-02-25T18:09:42.462] [DEBUG] cheese - null
[2020-02-25T18:09:42.462] [DEBUG] cheese - null
[2020-02-25T18:13:51.739] [DEBUG] cheese - login => username:a,password:a
[2020-02-25T18:13:51.739] [DEBUG] cheese - a
[2020-02-25T18:13:51.742] [DEBUG] cheese - null
[2020-02-25T18:13:51.742] [DEBUG] cheese - null
[2020-02-25T18:13:59.408] [DEBUG] cheese - login => username:admin,password:123456
[2020-02-25T18:13:59.408] [DEBUG] cheese - admin
[2020-02-25T18:13:59.411] [DEBUG] cheese - null
[2020-02-25T18:13:59.411] [DEBUG] cheese - null
[2020-02-25T18:14:42.971] [DEBUG] cheese - login => username:admin,password:123456
[2020-02-25T18:14:42.971] [DEBUG] cheese - admin
[2020-02-25T18:14:42.974] [DEBUG] cheese - null
[2020-02-25T18:14:42.974] [DEBUG] cheese - null
[2020-02-25T18:15:12.659] [DEBUG] cheese - login => username:admin,password:123456
[2020-02-25T18:15:12.659] [DEBUG] cheese - admin
[2020-02-25T18:15:12.662] [DEBUG] cheese - null
[2020-02-25T18:15:12.662] [DEBUG] cheese - null
[2020-02-25T18:22:23.153] [DEBUG] cheese - login => username:admin,password:12345
[2020-02-25T18:22:23.153] [DEBUG] cheese - admin
[2020-02-25T18:22:23.156] [DEBUG] cheese - null
[2020-02-25T18:22:23.156] [DEBUG] cheese - null
[2020-02-25T18:22:30.132] [DEBUG] cheese - login => username:admin,password:123456
[2020-02-25T18:22:30.132] [DEBUG] cheese - admin
[2020-02-25T18:22:30.136] [DEBUG] cheese - null
[2020-02-25T18:22:30.136] [DEBUG] cheese - null
[2020-02-26T08:18:23.652] [DEBUG] cheese - login => username:admin,password:123456
[2020-02-26T08:18:23.653] [DEBUG] cheese - admin
[2020-02-26T08:18:23.656] [DEBUG] cheese - null
[2020-02-26T08:18:23.656] [DEBUG] cheese - null
[2020-02-26T08:19:04.154] [DEBUG] cheese - login => username:admin,password:123456
[2020-02-26T08:19:04.154] [DEBUG] cheese - admin
[2020-02-26T08:19:04.157] [DEBUG] cheese - null
[2020-02-26T08:19:04.157] [DEBUG] cheese - null
[2020-02-26T11:00:24.813] [DEBUG] cheese - login => username:admin,password:123456
[2020-02-26T11:00:24.813] [DEBUG] cheese - admin
[2020-02-26T11:00:24.818] [DEBUG] cheese - null
[2020-02-26T11:00:24.819] [DEBUG] cheese - null
[2020-02-26T11:00:42.315] [DEBUG] cheese - login => username:admin,password:123456
[2020-02-26T11:00:42.315] [DEBUG] cheese - admin
[2020-02-26T11:00:42.318] [DEBUG] cheese - null
[2020-02-26T11:00:42.318] [DEBUG] cheese - null
[2020-02-26T11:07:16.240] [DEBUG] cheese - login => username:admin,password:12
[2020-02-26T11:07:16.240] [DEBUG] cheese - admin
[2020-02-26T11:07:16.243] [DEBUG] cheese - null
[2020-02-26T11:07:16.244] [DEBUG] cheese - null
[2020-02-26T11:07:21.340] [DEBUG] cheese - login => username:admin,password:123456
[2020-02-26T11:07:21.340] [DEBUG] cheese - admin
[2020-02-26T11:07:21.343] [DEBUG] cheese - null
[2020-02-26T11:07:21.343] [DEBUG] cheese - null
[2020-02-26T16:02:02.061] [DEBUG] cheese - login => username:admin,password:123456
[2020-02-26T16:02:02.065] [DEBUG] cheese - admin
[2020-02-26T16:02:02.090] [DEBUG] cheese - null
[2020-02-26T16:02:02.095] [DEBUG] cheese - null
[2020-02-26T17:04:22.023] [DEBUG] cheese - login => username:admin,password:123456
[2020-02-26T17:04:22.023] [DEBUG] cheese - admin
[2020-02-26T17:04:22.026] [DEBUG] cheese - null
[2020-02-26T17:04:22.027] [DEBUG] cheese - null
[2020-02-26T17:04:36.820] [DEBUG] cheese - login => username:admin,password:123456
[2020-02-26T17:04:36.820] [DEBUG] cheese - admin
[2020-02-26T17:04:36.824] [DEBUG] cheese - null
[2020-02-26T17:04:36.824] [DEBUG] cheese - null
[2020-02-26T17:05:11.180] [DEBUG] cheese - login => username:admin,password:123456
[2020-02-26T17:05:11.180] [DEBUG] cheese - admin
[2020-02-26T17:05:11.221] [DEBUG] cheese - null
[2020-02-26T17:05:11.221] [DEBUG] cheese - null
[2020-02-27T11:29:19.116] [DEBUG] cheese - login => username:admin,password:123456
[2020-02-27T11:29:19.146] [DEBUG] cheese - admin
[2020-02-27T11:29:19.262] [DEBUG] cheese - null
[2020-02-27T11:29:19.263] [DEBUG] cheese - null
[2020-02-27T17:05:42.138] [DEBUG] cheese - login => username:admin,password:123456
[2020-02-27T17:05:42.139] [DEBUG] cheese - admin
[2020-02-27T17:05:42.179] [DEBUG] cheese - null
[2020-02-27T17:05:42.180] [DEBUG] cheese - null
[2020-02-27T17:07:07.730] [DEBUG] cheese - login => username:admin,password:123456
[2020-02-27T17:07:07.730] [DEBUG] cheese - admin
[2020-02-27T17:07:07.734] [DEBUG] cheese - null
[2020-02-27T17:07:07.735] [DEBUG] cheese - null
